<?xml version="1.0" encoding="UTF-8"?>
<testng-results ignored="0" total="1" passed="1" failed="0" skipped="0">
  <reporter-output>
  </reporter-output>
  <suite started-at="2022-01-02T01:41:41 CST" name="Default suite" finished-at="2022-01-02T01:41:55 CST" duration-ms="14265">
    <groups>
    </groups>
    <test started-at="2022-01-02T01:41:41 CST" name="Default test" finished-at="2022-01-02T01:41:55 CST" duration-ms="14265">
      <class name="tests.Expedia">
        <test-method is-config="true" signature="setUp()[pri:0, instance:tests.Expedia@dbf57b3]" started-at="2022-01-02T01:41:41 CST" name="setUp" finished-at="2022-01-02T01:41:47 CST" duration-ms="6534" status="PASS">
          <reporter-output>
          </reporter-output>
        </test-method> <!-- setUp -->
        <test-method signature="flightReservation()[pri:0, instance:tests.Expedia@dbf57b3]" started-at="2022-01-02T01:41:47 CST" name="flightReservation" finished-at="2022-01-02T01:41:55 CST" duration-ms="7417" status="PASS">
          <reporter-output>
          </reporter-output>
        </test-method> <!-- flightReservation -->
        <test-method is-config="true" signature="tearDown()[pri:0, instance:tests.Expedia@dbf57b3]" started-at="2022-01-02T01:41:55 CST" name="tearDown" finished-at="2022-01-02T01:41:55 CST" duration-ms="289" status="PASS">
          <reporter-output>
          </reporter-output>
        </test-method> <!-- tearDown -->
      </class> <!-- tests.Expedia -->
    </test> <!-- Default test -->
  </suite> <!-- Default suite -->
</testng-results>
